<?xml version="1.0" encoding="UTF-8"?>
<!-- Generated by org.testng.reporters.JUnitXMLReporter -->
<testsuite ignored="0" hostname="Prince" failures="0" tests="3" name="ErrorValidation" time="31.711" errors="0" timestamp="2024-02-10T18:16:43 IST">
  <testcase classname="shaifaliwalia.tests.ErrorValidations" name="placeorder1" time="10.309"/>
  <testcase classname="shaifaliwalia.tests.ErrorValidations" name="loginnegative" time="0.254"/>
  <testcase classname="shaifaliwalia.tests.ErrorValidations" name="checkorderlist" time="0.498"/>
</testsuite> <!-- ErrorValidation -->
