<?xml version="1.0" encoding="UTF-8"?>
<!-- Generated by org.testng.reporters.JUnitXMLReporter -->
<testsuite ignored="0" hostname="Prince" failures="1" tests="1" name="Test" time="86.28" errors="0" timestamp="2024-02-04T21:33:35 IST">
  <testcase classname="shaifaliwalia.tests.CompleteTest" name="placeorder" time="0.008">
    <failure type="java.lang.IllegalArgumentException" message="Input must be set">
      <![CDATA[java.lang.IllegalArgumentException: Input must be set
at org.openqa.selenium.internal.Require.nonNull(Require.java:60)
at org.openqa.selenium.support.ui.FluentWait.<init>(FluentWait.java:92)
at org.openqa.selenium.support.ui.WebDriverWait.<init>(WebDriverWait.java:74)
at org.openqa.selenium.support.ui.WebDriverWait.<init>(WebDriverWait.java:43)
at shaifaliwalia.AbstractComponents.AbstractComponent.<init>(AbstractComponent.java:14)
at shaifaliwalia.pageobjects.LoginPage.<init>(LoginPage.java:15)
at shaifaliwalia.tests.CompleteTest.placeorder(CompleteTest.java:24)
at java.base/java.util.ArrayList.forEach(ArrayList.java:1511)
... Removed 27 stack frames]]>
    </failure>
  </testcase> <!-- placeorder -->
</testsuite> <!-- Test -->
