<?xml version="1.0" encoding="UTF-8"?>
<!-- Generated by org.testng.reporters.JUnitXMLReporter -->
<testsuite ignored="0" hostname="Prince" failures="0" tests="3" name="ErrorValidation" time="36.571" errors="0" timestamp="2024-02-10T19:16:07 IST">
  <testcase classname="shaifaliwalia.tests.ErrorValidations" name="placeorder1" time="9.873"/>
  <testcase classname="shaifaliwalia.tests.ErrorValidations" name="loginnegative" time="1.053"/>
  <testcase classname="shaifaliwalia.tests.ErrorValidations" name="checkorderlist" time="0.464"/>
</testsuite> <!-- ErrorValidation -->
